{"@timestamp":"2022-11-06T15:28:33.772+09:00","@version":"1","message":"Starting Application using Java 13.0.1 on Hyukjungui-MacBookPro.local with PID 19480 (/Users/hyukjung/Desktop/workspace/01_spring/02_samples/28_logback/build/classes/java/main started by hyukjung in /Users/hyukjung/Desktop/workspace/01_spring/02_samples/28_logback)","logger_name":"com.yologger.samples.logback.Application","thread_name":"restartedMain","level":"INFO","level_value":20000}
{"@timestamp":"2022-11-06T15:28:33.780+09:00","@version":"1","message":"No active profile set, falling back to 1 default profile: \"default\"","logger_name":"com.yologger.samples.logback.Application","thread_name":"restartedMain","level":"INFO","level_value":20000}
{"@timestamp":"2022-11-06T15:28:33.835+09:00","@version":"1","message":"Devtools property defaults active! Set 'spring.devtools.add-properties' to 'false' to disable","logger_name":"org.springframework.boot.devtools.env.DevToolsPropertyDefaultsPostProcessor","thread_name":"restartedMain","level":"INFO","level_value":20000}
{"@timestamp":"2022-11-06T15:28:33.835+09:00","@version":"1","message":"For additional web related logging consider setting the 'logging.level.web' property to 'DEBUG'","logger_name":"org.springframework.boot.devtools.env.DevToolsPropertyDefaultsPostProcessor","thread_name":"restartedMain","level":"INFO","level_value":20000}
{"@timestamp":"2022-11-06T15:28:34.878+09:00","@version":"1","message":"Tomcat initialized with port(s): 8080 (http)","logger_name":"org.springframework.boot.web.embedded.tomcat.TomcatWebServer","thread_name":"restartedMain","level":"INFO","level_value":20000}
{"@timestamp":"2022-11-06T15:28:34.889+09:00","@version":"1","message":"Initializing ProtocolHandler [\"http-nio-8080\"]","logger_name":"org.apache.coyote.http11.Http11NioProtocol","thread_name":"restartedMain","level":"INFO","level_value":20000}
{"@timestamp":"2022-11-06T15:28:34.890+09:00","@version":"1","message":"Starting service [Tomcat]","logger_name":"org.apache.catalina.core.StandardService","thread_name":"restartedMain","level":"INFO","level_value":20000}
{"@timestamp":"2022-11-06T15:28:34.890+09:00","@version":"1","message":"Starting Servlet engine: [Apache Tomcat/9.0.68]","logger_name":"org.apache.catalina.core.StandardEngine","thread_name":"restartedMain","level":"INFO","level_value":20000}
{"@timestamp":"2022-11-06T15:28:34.954+09:00","@version":"1","message":"Initializing Spring embedded WebApplicationContext","logger_name":"org.apache.catalina.core.ContainerBase.[Tomcat].[localhost].[/]","thread_name":"restartedMain","level":"INFO","level_value":20000}
{"@timestamp":"2022-11-06T15:28:34.954+09:00","@version":"1","message":"Root WebApplicationContext: initialization completed in 1118 ms","logger_name":"org.springframework.boot.web.servlet.context.ServletWebServerApplicationContext","thread_name":"restartedMain","level":"INFO","level_value":20000}
{"@timestamp":"2022-11-06T15:28:35.315+09:00","@version":"1","message":"LiveReload server is running on port 35729","logger_name":"org.springframework.boot.devtools.autoconfigure.OptionalLiveReloadServer","thread_name":"restartedMain","level":"INFO","level_value":20000}
{"@timestamp":"2022-11-06T15:28:35.331+09:00","@version":"1","message":"Starting ProtocolHandler [\"http-nio-8080\"]","logger_name":"org.apache.coyote.http11.Http11NioProtocol","thread_name":"restartedMain","level":"INFO","level_value":20000}
{"@timestamp":"2022-11-06T15:28:35.348+09:00","@version":"1","message":"Tomcat started on port(s): 8080 (http) with context path ''","logger_name":"org.springframework.boot.web.embedded.tomcat.TomcatWebServer","thread_name":"restartedMain","level":"INFO","level_value":20000}
{"@timestamp":"2022-11-06T15:28:35.362+09:00","@version":"1","message":"Started Application in 2.297 seconds (JVM running for 3.118)","logger_name":"com.yologger.samples.logback.Application","thread_name":"restartedMain","level":"INFO","level_value":20000}
{"@timestamp":"2022-11-06T16:08:08.564+09:00","@version":"1","message":"Starting Application using Java 13.0.1 on Hyukjungui-MacBookPro.local with PID 27528 (/Users/hyukjung/Desktop/workspace/01_spring/02_samples/28_logback/build/classes/java/main started by hyukjung in /Users/hyukjung/Desktop/workspace/01_spring/02_samples/28_logback)","logger_name":"com.yologger.samples.logback.Application","thread_name":"restartedMain","level":"INFO","level_value":20000}
{"@timestamp":"2022-11-06T16:08:08.573+09:00","@version":"1","message":"No active profile set, falling back to 1 default profile: \"default\"","logger_name":"com.yologger.samples.logback.Application","thread_name":"restartedMain","level":"INFO","level_value":20000}
{"@timestamp":"2022-11-06T16:08:08.635+09:00","@version":"1","message":"Devtools property defaults active! Set 'spring.devtools.add-properties' to 'false' to disable","logger_name":"org.springframework.boot.devtools.env.DevToolsPropertyDefaultsPostProcessor","thread_name":"restartedMain","level":"INFO","level_value":20000}
{"@timestamp":"2022-11-06T16:08:08.635+09:00","@version":"1","message":"For additional web related logging consider setting the 'logging.level.web' property to 'DEBUG'","logger_name":"org.springframework.boot.devtools.env.DevToolsPropertyDefaultsPostProcessor","thread_name":"restartedMain","level":"INFO","level_value":20000}
{"@timestamp":"2022-11-06T16:08:09.750+09:00","@version":"1","message":"Tomcat initialized with port(s): 8080 (http)","logger_name":"org.springframework.boot.web.embedded.tomcat.TomcatWebServer","thread_name":"restartedMain","level":"INFO","level_value":20000}
{"@timestamp":"2022-11-06T16:08:09.762+09:00","@version":"1","message":"Initializing ProtocolHandler [\"http-nio-8080\"]","logger_name":"org.apache.coyote.http11.Http11NioProtocol","thread_name":"restartedMain","level":"INFO","level_value":20000}
{"@timestamp":"2022-11-06T16:08:09.762+09:00","@version":"1","message":"Starting service [Tomcat]","logger_name":"org.apache.catalina.core.StandardService","thread_name":"restartedMain","level":"INFO","level_value":20000}
{"@timestamp":"2022-11-06T16:08:09.763+09:00","@version":"1","message":"Starting Servlet engine: [Apache Tomcat/9.0.68]","logger_name":"org.apache.catalina.core.StandardEngine","thread_name":"restartedMain","level":"INFO","level_value":20000}
{"@timestamp":"2022-11-06T16:08:09.827+09:00","@version":"1","message":"Initializing Spring embedded WebApplicationContext","logger_name":"org.apache.catalina.core.ContainerBase.[Tomcat].[localhost].[/]","thread_name":"restartedMain","level":"INFO","level_value":20000}
{"@timestamp":"2022-11-06T16:08:09.827+09:00","@version":"1","message":"Root WebApplicationContext: initialization completed in 1191 ms","logger_name":"org.springframework.boot.web.servlet.context.ServletWebServerApplicationContext","thread_name":"restartedMain","level":"INFO","level_value":20000}
{"@timestamp":"2022-11-06T16:08:10.202+09:00","@version":"1","message":"LiveReload server is running on port 35729","logger_name":"org.springframework.boot.devtools.autoconfigure.OptionalLiveReloadServer","thread_name":"restartedMain","level":"INFO","level_value":20000}
{"@timestamp":"2022-11-06T16:08:10.216+09:00","@version":"1","message":"Starting ProtocolHandler [\"http-nio-8080\"]","logger_name":"org.apache.coyote.http11.Http11NioProtocol","thread_name":"restartedMain","level":"INFO","level_value":20000}
{"@timestamp":"2022-11-06T16:08:10.235+09:00","@version":"1","message":"Tomcat started on port(s): 8080 (http) with context path ''","logger_name":"org.springframework.boot.web.embedded.tomcat.TomcatWebServer","thread_name":"restartedMain","level":"INFO","level_value":20000}
{"@timestamp":"2022-11-06T16:08:10.248+09:00","@version":"1","message":"Started Application in 2.596 seconds (JVM running for 3.476)","logger_name":"com.yologger.samples.logback.Application","thread_name":"restartedMain","level":"INFO","level_value":20000}
{"@timestamp":"2022-11-06T16:10:26.065+09:00","@version":"1","message":"Initializing Spring DispatcherServlet 'dispatcherServlet'","logger_name":"org.apache.catalina.core.ContainerBase.[Tomcat].[localhost].[/]","thread_name":"http-nio-8080-exec-1","level":"INFO","level_value":20000}
{"@timestamp":"2022-11-06T16:10:26.065+09:00","@version":"1","message":"Initializing Servlet 'dispatcherServlet'","logger_name":"org.springframework.web.servlet.DispatcherServlet","thread_name":"http-nio-8080-exec-1","level":"INFO","level_value":20000}
{"@timestamp":"2022-11-06T16:10:26.067+09:00","@version":"1","message":"Completed initialization in 1 ms","logger_name":"org.springframework.web.servlet.DispatcherServlet","thread_name":"http-nio-8080-exec-1","level":"INFO","level_value":20000}
{"@timestamp":"2022-11-06T16:10:26.103+09:00","@version":"1","message":"test","logger_name":"MyLogger","thread_name":"http-nio-8080-exec-1","level":"INFO","level_value":20000}
{"@timestamp":"2022-11-06T16:10:26.103+09:00","@version":"1","message":"test","logger_name":"MyLogger","thread_name":"http-nio-8080-exec-1","level":"WARN","level_value":30000}
{"@timestamp":"2022-11-06T16:10:26.103+09:00","@version":"1","message":"test","logger_name":"MyLogger","thread_name":"http-nio-8080-exec-1","level":"ERROR","level_value":40000}
{"@timestamp":"2022-11-06T16:10:34.992+09:00","@version":"1","message":"test","logger_name":"MyLogger","thread_name":"http-nio-8080-exec-2","level":"INFO","level_value":20000}
{"@timestamp":"2022-11-06T16:10:34.993+09:00","@version":"1","message":"test","logger_name":"MyLogger","thread_name":"http-nio-8080-exec-2","level":"WARN","level_value":30000}
{"@timestamp":"2022-11-06T16:10:34.993+09:00","@version":"1","message":"test","logger_name":"MyLogger","thread_name":"http-nio-8080-exec-2","level":"ERROR","level_value":40000}
{"@timestamp":"2022-11-06T16:33:09.000+09:00","@version":"1","message":"test","logger_name":"MyLogger","thread_name":"http-nio-8080-exec-4","level":"INFO","level_value":20000}
{"@timestamp":"2022-11-06T16:33:09.002+09:00","@version":"1","message":"test","logger_name":"MyLogger","thread_name":"http-nio-8080-exec-4","level":"WARN","level_value":30000}
{"@timestamp":"2022-11-06T16:33:09.002+09:00","@version":"1","message":"test","logger_name":"MyLogger","thread_name":"http-nio-8080-exec-4","level":"ERROR","level_value":40000}
{"@timestamp":"2022-11-06T16:43:56.551+09:00","@version":"1","message":"test","logger_name":"MyLogger","thread_name":"http-nio-8080-exec-6","level":"INFO","level_value":20000}
{"@timestamp":"2022-11-06T16:43:56.552+09:00","@version":"1","message":"test","logger_name":"MyLogger","thread_name":"http-nio-8080-exec-6","level":"WARN","level_value":30000}
{"@timestamp":"2022-11-06T16:43:56.552+09:00","@version":"1","message":"test","logger_name":"MyLogger","thread_name":"http-nio-8080-exec-6","level":"ERROR","level_value":40000}
